iMPACT Version: 14.7

iMPACT log file Started on Tue Jun 27 09:08:18 2023

Welcome to iMPACT
iMPACT Version: 14.7
// *** BATCH CMD : setMode -bs
// *** BATCH CMD : addDevice -p 1 -file"/home/ise/NuPrism_Combiner_Rev1/ClocknTrigger.jed"
'1': Loading file '/home/ise/NuPrism_Combiner_Rev1/ClocknTrigger.jed' ...
done.
INFO:iMPACT:1777 - 
   Reading /opt/Xilinx/14.7/ISE_DS/ISE/xc9500xl/data/xc9572xl.bsd...
INFO:iMPACT:501 - '1': Added Device xc9572xl successfully.
----------------------------------------------------------------------
GUI --- Auto connect to cable...
// *** BATCH CMD : setCable -port auto
INFO:iMPACT - Digilent Plugin: Plugin Version: 2.5.2
INFO:iMPACT - Digilent Plugin: no JTAG device was found.
AutoDetecting cable. Please wait.
*** WARNING ***: When port is set to auto detect mode, cable speed is set todefault 6 MHz regardless of explicit arguments supplied for setting the baudrates
PROGRESS_START - Starting Operation.
Connecting to cable (Usb Port - USB21).
Checking cable driver.
File version of /opt/Xilinx/14.7/ISE_DS/ISE/bin/lin64/xusbdfwu.hex = 1030.
File version of /usr/share/xusbdfwu.hex = 1030.
 Using libusb.
 Kernel release = 2.6.32-358.el6.x86_64.
 Max current requested during enumeration is 300 mA.
Type = 0x0005.
write (count, cmdBuffer, dataBuffer) failed 20000020.
 Cable Type = 3, Revision = 0.
 Setting cable speed to 6 MHz.
Cable connection established.
Firmware version = 2300.
File version of /opt/Xilinx/14.7/ISE_DS/ISE/data/xusb_xp2.hex = 2401.
Firmware hex file version = 2401.
Downloading /opt/Xilinx/14.7/ISE_DS/ISE/data/xusb_xp2.hex.
Downloaded firmware version = 2401.
PLD file version = 200Dh.
 PLD version = 200Dh.
PROGRESS_END - End Operation.
Elapsed time =      1 sec.
Type = 0x0005.
ESN option: 00001631DBC501.
INFO:iMPACT - Current time: 6/27/23 9:08 AM
// *** BATCH CMD : Program -p 1 -e -v 
Maximum TCK operating frequency for this device chain: 10000000.
Validating chain...
Boundary-scan chain validated successfully.
'1': Erasing device...
PROGRESS_START - Starting Operation.
'1': Erasure completed successfully.
'1': Programming device...
done.
'1': Putting device in ISP mode...done.
'1': Putting device in ISP mode...done.
'1': Verifying device...done.
'1': Verification completed successfully.
'1': Putting device in ISP mode...done.
'1': Programming completed successfully.
PROGRESS_END - End Operation.
Elapsed time =      7 sec.
// *** BATCH CMD : assignFile -p 1 -file"/home/ise/NuPrism_Combiner_Rev1/ClocknTrigger.jed"
'1': Loading file '/home/ise/NuPrism_Combiner_Rev1/ClocknTrigger.jed' ...
done.
INFO:iMPACT:501 - '1': Added Device xc9572xl successfully.
----------------------------------------------------------------------
INFO:iMPACT - Current time: 6/27/23 9:59 AM
Updating config file /home/ise/NuPrism_Combiner_Rev1/ClocknTrigger.jed...
// *** BATCH CMD : Program -p 1 -e -v 
Maximum TCK operating frequency for this device chain: 10000000.
Validating chain...
Boundary-scan chain validated successfully.
'1': Erasing device...
PROGRESS_START - Starting Operation.
'1': Erasure completed successfully.
'1': Programming device...
done.
'1': Putting device in ISP mode...done.
'1': Putting device in ISP mode...done.
'1': Verifying device...done.
'1': Verification completed successfully.
'1': Putting device in ISP mode...done.
'1': Programming completed successfully.
PROGRESS_END - End Operation.
Elapsed time =      6 sec.
// *** BATCH CMD : assignFile -p 1 -file"/home/ise/NuPrism_Combiner_Rev1/ClocknTrigger.jed"
'1': Loading file '/home/ise/NuPrism_Combiner_Rev1/ClocknTrigger.jed' ...
done.
INFO:iMPACT:501 - '1': Added Device xc9572xl successfully.
----------------------------------------------------------------------
INFO:iMPACT - Current time: 6/27/23 10:31 AM
Updating config file /home/ise/NuPrism_Combiner_Rev1/ClocknTrigger.jed...
// *** BATCH CMD : Program -p 1 -e -v 
Maximum TCK operating frequency for this device chain: 10000000.
Validating chain...
Boundary-scan chain validated successfully.
'1': Erasing device...
PROGRESS_START - Starting Operation.
'1': Erasure completed successfully.
'1': Programming device...
done.
'1': Putting device in ISP mode...done.
'1': Putting device in ISP mode...done.
'1': Verifying device...done.
'1': Verification completed successfully.
'1': Putting device in ISP mode...done.
'1': Programming completed successfully.
PROGRESS_END - End Operation.
Elapsed time =      7 sec.
// *** BATCH CMD : assignFile -p 1 -file"/home/ise/NuPrism_Combiner_Rev1/ClocknTrigger.jed"
'1': Loading file '/home/ise/NuPrism_Combiner_Rev1/ClocknTrigger.jed' ...
done.
INFO:iMPACT:501 - '1': Added Device xc9572xl successfully.
----------------------------------------------------------------------
INFO:iMPACT - Current time: 6/27/23 10:35 AM
Updating config file /home/ise/NuPrism_Combiner_Rev1/ClocknTrigger.jed...
// *** BATCH CMD : Program -p 1 -e -v 
Maximum TCK operating frequency for this device chain: 10000000.
Validating chain...
Boundary-scan chain validated successfully.
'1': Erasing device...
PROGRESS_START - Starting Operation.
'1': Erasure completed successfully.
'1': Programming device...
done.
'1': Putting device in ISP mode...done.
'1': Putting device in ISP mode...done.
'1': Verifying device...done.
'1': Verification completed successfully.
'1': Putting device in ISP mode...done.
'1': Programming completed successfully.
PROGRESS_END - End Operation.
Elapsed time =      6 sec.
