Release 14.7 - xst P.20131013 (lin64)
Copyright (c) 1995-2013 Xilinx, Inc.  All rights reserved.
--> 
Parameter TMPDIR set to xst/projnav.tmp


Total REAL time to Xst completion: 0.00 secs
Total CPU time to Xst completion: 0.01 secs
 
--> 
Parameter xsthdpdir set to xst


Total REAL time to Xst completion: 0.00 secs
Total CPU time to Xst completion: 0.01 secs
 
--> 
Reading design: ClocknTrigger.prj

TABLE OF CONTENTS
  1) Synthesis Options Summary
  2) HDL Compilation
  3) Design Hierarchy Analysis
  4) HDL Analysis
  5) HDL Synthesis
     5.1) HDL Synthesis Report
  6) Advanced HDL Synthesis
     6.1) Advanced HDL Synthesis Report
  7) Low Level Synthesis
  8) Partition Report
  9) Final Report

=========================================================================
*                      Synthesis Options Summary                        *
=========================================================================
---- Source Parameters
Input File Name                    : "ClocknTrigger.prj"
Input Format                       : mixed
Ignore Synthesis Constraint File   : NO

---- Target Parameters
Output File Name                   : "ClocknTrigger"
Output Format                      : NGC
Target Device                      : XC9500XL CPLDs

---- Source Options
Top Module Name                    : ClocknTrigger
Automatic FSM Extraction           : YES
FSM Encoding Algorithm             : Auto
Safe Implementation                : No
Mux Extraction                     : Yes
Resource Sharing                   : YES

---- Target Options
Add IO Buffers                     : YES
MACRO Preserve                     : YES
XOR Preserve                       : YES
Equivalent register Removal        : YES

---- General Options
Optimization Goal                  : Speed
Optimization Effort                : 1
Keep Hierarchy                     : Yes
Netlist Hierarchy                  : As_Optimized
RTL Output                         : Yes
Hierarchy Separator                : /
Bus Delimiter                      : <>
Case Specifier                     : Maintain
Verilog 2001                       : YES

---- Other Options
Clock Enable                       : YES
wysiwyg                            : NO

=========================================================================


=========================================================================
*                          HDL Compilation                              *
=========================================================================
Compiling verilog file "ClocknTrigger.v" in library work
Module <ClocknTrigger> compiled
Module <ClocknTriggerDrLinn> compiled
Module <ClocknTriggerDC> compiled
Module <mySync> compiled
Module <mySync_en> compiled
No errors in compilation
Analysis of file <"ClocknTrigger.prj"> succeeded.
 

=========================================================================
*                     Design Hierarchy Analysis                         *
=========================================================================
Analyzing hierarchy for module <ClocknTrigger> in library <work>.

Analyzing hierarchy for module <mySync> in library <work>.

Analyzing hierarchy for module <ClocknTriggerDC> in library <work>.

Analyzing hierarchy for module <ClocknTriggerDrLinn> in library <work>.

Analyzing hierarchy for module <mySync_en> in library <work>.


=========================================================================
*                            HDL Analysis                               *
=========================================================================
Analyzing top module <ClocknTrigger>.
Module <ClocknTrigger> is correct for synthesis.
 
Analyzing module <mySync> in library <work>.
Module <mySync> is correct for synthesis.
 
Analyzing module <ClocknTriggerDC> in library <work>.
Module <ClocknTriggerDC> is correct for synthesis.
 
Analyzing module <mySync_en> in library <work>.
Module <mySync_en> is correct for synthesis.
 
Analyzing module <ClocknTriggerDrLinn> in library <work>.
Module <ClocknTriggerDrLinn> is correct for synthesis.
 

=========================================================================
*                           HDL Synthesis                               *
=========================================================================

Performing bidirectional port resolution...

Synthesizing Unit <mySync>.
    Related source file is "ClocknTrigger.v".
    Found 1-bit register for signal <data_out>.
    Found 1-bit register for signal <signalSync1>.
    Summary:
	inferred   2 D-type flip-flop(s).
Unit <mySync> synthesized.


Synthesizing Unit <mySync_en>.
    Related source file is "ClocknTrigger.v".
    Found 1-bit register for signal <data_out>.
    Found 1-bit register for signal <signalSync1>.
    Summary:
	inferred   2 D-type flip-flop(s).
Unit <mySync_en> synthesized.


Synthesizing Unit <ClocknTriggerDC>.
    Related source file is "ClocknTrigger.v".
    Found 2-bit comparator greater for signal <clk_25DC$cmp_gt0000> created at line 102.
    Found 2-bit comparator greater for signal <clk_75DC$cmp_gt0000> created at line 103.
    Found 2-bit up counter for signal <counter>.
    Summary:
	inferred   1 Counter(s).
	inferred   2 Comparator(s).
Unit <ClocknTriggerDC> synthesized.


Synthesizing Unit <ClocknTriggerDrLinn>.
    Related source file is "ClocknTrigger.v".
    Found 1-bit register for signal <slowclk>.
    Summary:
	inferred   1 D-type flip-flop(s).
Unit <ClocknTriggerDrLinn> synthesized.


Synthesizing Unit <ClocknTrigger>.
    Related source file is "ClocknTrigger.v".
Unit <ClocknTrigger> synthesized.


=========================================================================
HDL Synthesis Report

Macro Statistics
# Counters                                             : 1
 2-bit up counter                                      : 1
# Registers                                            : 9
 1-bit register                                        : 9
# Comparators                                          : 2
 2-bit comparator greater                              : 2

=========================================================================

=========================================================================
*                       Advanced HDL Synthesis                          *
=========================================================================


=========================================================================
Advanced HDL Synthesis Report

Macro Statistics
# Counters                                             : 1
 2-bit up counter                                      : 1
# Registers                                            : 9
 Flip-Flops                                            : 9

=========================================================================

=========================================================================
*                         Low Level Synthesis                           *
=========================================================================

Optimizing unit <ClocknTrigger> ...

Optimizing unit <mySync> ...

Optimizing unit <mySync_en> ...

Optimizing unit <ClocknTriggerDrLinn> ...

Optimizing unit <ClocknTriggerDC> ...

=========================================================================
*                           Partition Report                            *
=========================================================================

Partition Implementation Status
-------------------------------

  No Partitions were found in this design.

-------------------------------

=========================================================================
*                            Final Report                               *
=========================================================================
Final Results
RTL Top Level Output File Name     : ClocknTrigger.ngr
Top Level Output File Name         : ClocknTrigger
Output Format                      : NGC
Optimization Goal                  : Speed
Keep Hierarchy                     : Yes
Target Technology                  : XC9500XL CPLDs
Macro Preserve                     : YES
XOR Preserve                       : YES
Clock Enable                       : YES
wysiwyg                            : NO

Design Statistics
# IOs                              : 12

Cell Usage :
# BELS                             : 33
#      AND2                        : 9
#      AND3                        : 1
#      INV                         : 15
#      OR2                         : 6
#      VCC                         : 1
#      XOR2                        : 1
# FlipFlops/Latches                : 11
#      FDC                         : 7
#      FDCE                        : 4
# IO Buffers                       : 12
#      IBUF                        : 5
#      OBUF                        : 7
=========================================================================


Total REAL time to Xst completion: 3.00 secs
Total CPU time to Xst completion: 0.52 secs
 
--> 


Total memory usage is 604156 kilobytes

Number of errors   :    0 (   0 filtered)
Number of warnings :    0 (   0 filtered)
Number of infos    :    0 (   0 filtered)

