Release 14.7 - xst P.20131013 (lin64)
Copyright (c) 1995-2013 Xilinx, Inc.  All rights reserved.
--> 
Parameter TMPDIR set to xst/projnav.tmp


Total REAL time to Xst completion: 0.00 secs
Total CPU time to Xst completion: 0.00 secs
 
--> 
Parameter xsthdpdir set to xst


Total REAL time to Xst completion: 0.00 secs
Total CPU time to Xst completion: 0.00 secs
 
--> 
Reading design: combiner.prj

TABLE OF CONTENTS
  1) Synthesis Options Summary
  2) HDL Compilation
  3) Design Hierarchy Analysis
  4) HDL Analysis
  5) HDL Synthesis
     5.1) HDL Synthesis Report
  6) Advanced HDL Synthesis
     6.1) Advanced HDL Synthesis Report
  7) Low Level Synthesis
  8) Partition Report
  9) Final Report

=========================================================================
*                      Synthesis Options Summary                        *
=========================================================================
---- Source Parameters
Input File Name                    : "combiner.prj"
Input Format                       : mixed
Ignore Synthesis Constraint File   : NO

---- Target Parameters
Output File Name                   : "combiner"
Output Format                      : NGC
Target Device                      : XC9500XL CPLDs

---- Source Options
Top Module Name                    : combiner
Automatic FSM Extraction           : YES
FSM Encoding Algorithm             : Auto
Safe Implementation                : No
Mux Extraction                     : Yes
Resource Sharing                   : YES

---- Target Options
Add IO Buffers                     : YES
MACRO Preserve                     : YES
XOR Preserve                       : YES
Equivalent register Removal        : YES

---- General Options
Optimization Goal                  : Speed
Optimization Effort                : 1
Keep Hierarchy                     : Yes
Netlist Hierarchy                  : As_Optimized
RTL Output                         : Yes
Hierarchy Separator                : /
Bus Delimiter                      : <>
Case Specifier                     : Maintain
Verilog 2001                       : YES

---- Other Options
Clock Enable                       : YES
wysiwyg                            : NO

=========================================================================


=========================================================================
*                          HDL Compilation                              *
=========================================================================
Compiling verilog file "combiner.v" in library work
Module <combiner> compiled
No errors in compilation
Analysis of file <"combiner.prj"> succeeded.
 

=========================================================================
*                     Design Hierarchy Analysis                         *
=========================================================================
Analyzing hierarchy for module <combiner> in library <work>.


=========================================================================
*                            HDL Analysis                               *
=========================================================================
Analyzing top module <combiner>.
Module <combiner> is correct for synthesis.
 
    Set user-defined property "INIT =  1" for instance <dffe_trigger_clk0> in unit <combiner>.
    Set user-defined property "INIT =  1" for instance <dffe_trigger_clk1> in unit <combiner>.

=========================================================================
*                           HDL Synthesis                               *
=========================================================================

Performing bidirectional port resolution...

Synthesizing Unit <combiner>.
    Related source file is "combiner.v".
WARNING:Xst:647 - Input <sma_clk> is never used. This port will be preserved and left unconnected if it belongs to a top-level block or it belongs to a sub-block and the hierarchy of this sub-block is preserved.
WARNING:Xst:647 - Input <switch<8:4>> is never used. This port will be preserved and left unconnected if it belongs to a top-level block or it belongs to a sub-block and the hierarchy of this sub-block is preserved.
WARNING:Xst:653 - Signal <duty_75_select_clk1> is used but never assigned. This sourceless signal will be automatically connected to value 0.
WARNING:Xst:653 - Signal <duty_25_select_clk1> is used but never assigned. This sourceless signal will be automatically connected to value 0.
WARNING:Xst:646 - Signal <dff_clock_modulated_clk1> is assigned but never used. This unconnected signal will be trimmed during the optimization process.
WARNING:Xst:646 - Signal <d1_75duty_clk1> is assigned but never used. This unconnected signal will be trimmed during the optimization process.
WARNING:Xst:646 - Signal <d0_pipe_clk1> is assigned but never used. This unconnected signal will be trimmed during the optimization process.
WARNING:Xst:646 - Signal <d0_25duty_clk1> is assigned but never used. This unconnected signal will be trimmed during the optimization process.
WARNING:Xst:2474 - Clock and clock enable of register <d0_shreg_clk0> are driven by the same logic. The clock enable is removed.
WARNING:Xst:2474 - Clock and clock enable of register <d1_shreg_clk0> are driven by the same logic. The clock enable is removed.
WARNING:Xst:2474 - Clock and clock enable of register <d0_25duty_clk0> are driven by the same logic. The clock enable is removed.
WARNING:Xst:2474 - Clock and clock enable of register <d0_75duty_clk0> are driven by the same logic. The clock enable is removed.
WARNING:Xst:2474 - Clock and clock enable of register <d1_75duty_clk0> are driven by the same logic. The clock enable is removed.
WARNING:Xst:2474 - Clock and clock enable of register <dff_clock_modulated_clk0> are driven by the same logic. The clock enable is removed.
WARNING:Xst:2474 - Clock and clock enable of register <d0_pipe_clk0> are driven by the same logic. The clock enable is removed.
WARNING:Xst:2474 - Clock and clock enable of register <d0_shreg_clk1> are driven by the same logic. The clock enable is removed.
WARNING:Xst:2474 - Clock and clock enable of register <d1_shreg_clk1> are driven by the same logic. The clock enable is removed.
    Found 1-bit register for signal <d0_25duty_clk0>.
    Found 1-bit register for signal <d0_75duty_clk0>.
    Found 1-bit register for signal <d0_pipe_clk0>.
    Found 1-bit register for signal <d0_shreg_clk0>.
    Found 1-bit register for signal <d0_shreg_clk1>.
    Found 1-bit register for signal <d1_75duty_clk0>.
    Found 1-bit register for signal <d1_shreg_clk0>.
    Found 1-bit register for signal <d1_shreg_clk1>.
    Found 1-bit register for signal <dff_clock_modulated_clk0>.
    Summary:
	inferred   9 D-type flip-flop(s).
Unit <combiner> synthesized.


=========================================================================
HDL Synthesis Report

Macro Statistics
# Registers                                            : 9
 1-bit register                                        : 9

=========================================================================

=========================================================================
*                       Advanced HDL Synthesis                          *
=========================================================================


=========================================================================
Advanced HDL Synthesis Report

Macro Statistics
# Registers                                            : 11
 Flip-Flops                                            : 11

=========================================================================

=========================================================================
*                         Low Level Synthesis                           *
=========================================================================

Optimizing unit <combiner> ...
  implementation constraint: INIT=1	 : dffe_trigger_clk0
  implementation constraint: INIT=1	 : dffe_trigger_clk1

=========================================================================
*                           Partition Report                            *
=========================================================================

Partition Implementation Status
-------------------------------

  No Partitions were found in this design.

-------------------------------

=========================================================================
*                            Final Report                               *
=========================================================================
Final Results
RTL Top Level Output File Name     : combiner.ngr
Top Level Output File Name         : combiner
Output Format                      : NGC
Optimization Goal                  : Speed
Keep Hierarchy                     : Yes
Target Technology                  : XC9500XL CPLDs
Macro Preserve                     : YES
XOR Preserve                       : YES
Clock Enable                       : YES
wysiwyg                            : NO

Design Statistics
# IOs                              : 41

Cell Usage :
# BELS                             : 27
#      AND2                        : 7
#      INV                         : 16
#      OR2                         : 3
#      VCC                         : 1
# FlipFlops/Latches                : 11
#      FD                          : 9
#      FDPE                        : 2
# IO Buffers                       : 35
#      IBUF                        : 14
#      OBUF                        : 21
=========================================================================


Total REAL time to Xst completion: 2.00 secs
Total CPU time to Xst completion: 0.58 secs
 
--> 


Total memory usage is 603724 kilobytes

Number of errors   :    0 (   0 filtered)
Number of warnings :   17 (   0 filtered)
Number of infos    :    0 (   0 filtered)

